<?xml version="1.0" encoding="UTF-8"?>
<testsuite name="jrails.ModelTest" tests="2" skipped="0" failures="0" errors="0" timestamp="2020-04-09T12:25:25" hostname="heyangdeMacBook-Pro.local" time="0.038">
  <properties/>
  <testcase name="id" classname="jrails.ModelTest" time="0.005"/>
  <testcase name="save" classname="jrails.ModelTest" time="0.033"/>
  <system-out><![CDATA[title1_changed,author1_changed,0,206037515
title2,null,3,1046993248
]]></system-out>
  <system-err><![CDATA[]]></system-err>
</testsuite>
