<?xml version="1.0" encoding="UTF-8"?>
<testsuite name="jrails.HtmlTest" tests="4" skipped="0" failures="0" errors="0" timestamp="2020-04-09T03:03:37" hostname="heyangdeMacBook-Pro.local" time="0.011">
  <properties/>
  <testcase name="submit" classname="jrails.HtmlTest" time="0.006"/>
  <testcase name="form" classname="jrails.HtmlTest" time="0.001"/>
  <testcase name="empty" classname="jrails.HtmlTest" time="0.004"/>
  <testcase name="link_to" classname="jrails.HtmlTest" time="0.0"/>
  <system-out><![CDATA[]]></system-out>
  <system-err><![CDATA[]]></system-err>
</testsuite>
