<?xml version="1.0" encoding="UTF-8"?>
<testsuite name="jrails.ModelTest" tests="2" skipped="0" failures="0" errors="0" timestamp="2020-04-09T04:17:46" hostname="heyangdeMacBook-Pro.local" time="0.031">
  <properties/>
  <testcase name="id" classname="jrails.ModelTest" time="0.007"/>
  <testcase name="save" classname="jrails.ModelTest" time="0.024"/>
  <system-out><![CDATA[title1_changed,author1_changed,0,-481853643
title2,null,3,-2017206865
]]></system-out>
  <system-err><![CDATA[]]></system-err>
</testsuite>
