<?xml version="1.0" encoding="UTF-8"?>
<testsuite name="jrails.ViewTest" tests="1" skipped="0" failures="0" errors="0" timestamp="2020-04-09T02:38:31" hostname="heyangdeMacBook-Pro.local" time="0.005">
  <properties/>
  <testcase name="empty" classname="jrails.ViewTest" time="0.005"/>
  <system-out><![CDATA[]]></system-out>
  <system-err><![CDATA[]]></system-err>
</testsuite>
